<?xml version="1.0" encoding="UTF-8"?>
<testng-results ignored="0" total="15" passed="13" failed="2" skipped="0">
  <reporter-output>
  </reporter-output>
  <suite started-at="2024-11-25T16:33:50 IST" name="Suite" finished-at="2024-11-25T16:35:59 IST" duration-ms="129091">
    <groups>
      <group name="Functional">
        <method signature="TC104_BookHotelTest.validlogin()[pri:1, instance:testCases.TC104_BookHotelTest@61fe30]" name="validlogin" class="testCases.TC104_BookHotelTest"/>
        <method signature="TC104_BookHotelTest.bookhotel()[pri:2, instance:testCases.TC104_BookHotelTest@61fe30]" name="bookhotel" class="testCases.TC104_BookHotelTest"/>
      </group> <!-- Functional -->
      <group name="Master">
        <method signature="TC105_EndToEndTest.BookingConfirmation()[pri:0, instance:testCases.TC105_EndToEndTest@c9d0d6]" name="BookingConfirmation" class="testCases.TC105_EndToEndTest"/>
      </group> <!-- Master -->
      <group name="Sanity">
        <method signature="TC101_LoginTest.Validlogin()[pri:1, instance:testCases.TC101_LoginTest@363a52f]" name="Validlogin" class="testCases.TC101_LoginTest"/>
      </group> <!-- Sanity -->
      <group name="Regression">
        <method signature="TC102_SearchHotelsTest.Valid_Search()[pri:1, instance:testCases.TC102_SearchHotelsTest@3abada5a]" name="Valid_Search" class="testCases.TC102_SearchHotelsTest"/>
        <method signature="TC103_SelectHotelTest.valid_selectHotel()[pri:1, instance:testCases.TC103_SelectHotelTest@66c61024]" name="valid_selectHotel" class="testCases.TC103_SelectHotelTest"/>
        <method signature="TC102_SearchHotelsTest.MandatoryFields_Only()[pri:2, instance:testCases.TC102_SearchHotelsTest@3abada5a]" name="MandatoryFields_Only" class="testCases.TC102_SearchHotelsTest"/>
        <method signature="TC103_SelectHotelTest.validate_searchhotel()[pri:2, instance:testCases.TC103_SelectHotelTest@66c61024]" name="validate_searchhotel" class="testCases.TC103_SelectHotelTest"/>
        <method signature="TC102_SearchHotelsTest.Past_CheckInDate()[pri:3, instance:testCases.TC102_SearchHotelsTest@3abada5a]" name="Past_CheckInDate" class="testCases.TC102_SearchHotelsTest"/>
        <method signature="TC103_SelectHotelTest.withoutSelect_hotel()[pri:3, instance:testCases.TC103_SelectHotelTest@66c61024]" name="withoutSelect_hotel" class="testCases.TC103_SelectHotelTest"/>
        <method signature="TC102_SearchHotelsTest.CheckOut_Before()[pri:4, instance:testCases.TC102_SearchHotelsTest@3abada5a]" name="CheckOut_Before" class="testCases.TC102_SearchHotelsTest"/>
        <method signature="TC103_SelectHotelTest.priceCalculation()[pri:4, instance:testCases.TC103_SelectHotelTest@66c61024]" name="priceCalculation" class="testCases.TC103_SelectHotelTest"/>
        <method signature="TC102_SearchHotelsTest.InvalidDate()[pri:5, instance:testCases.TC102_SearchHotelsTest@3abada5a]" name="InvalidDate" class="testCases.TC102_SearchHotelsTest"/>
        <method signature="TC102_SearchHotelsTest.InvalidDateFormat()[pri:6, instance:testCases.TC102_SearchHotelsTest@3abada5a]" name="InvalidDateFormat" class="testCases.TC102_SearchHotelsTest"/>
        <method signature="TC102_SearchHotelsTest.withoutLocation()[pri:7, instance:testCases.TC102_SearchHotelsTest@3abada5a]" name="withoutLocation" class="testCases.TC102_SearchHotelsTest"/>
      </group> <!-- Regression -->
    </groups>
    <test started-at="2024-11-25T16:33:50 IST" name="Test" finished-at="2024-11-25T16:35:59 IST" duration-ms="129091">
      <class name="testCases.TC105_EndToEndTest">
        <test-method is-config="true" signature="setup(java.lang.String,java.lang.String)[pri:0, instance:testCases.TC105_EndToEndTest@c9d0d6]" started-at="2024-11-25T16:35:19 IST" name="setup" finished-at="2024-11-25T16:35:21 IST" duration-ms="2360" status="PASS">
          <params>
            <param index="0">
              <value>
                <![CDATA[Windows]]>
              </value>
            </param>
            <param index="1">
              <value>
                <![CDATA[chrome]]>
              </value>
            </param>
          </params>
          <reporter-output>
          </reporter-output>
        </test-method> <!-- setup -->
        <test-method signature="BookingConfirmation()[pri:0, instance:testCases.TC105_EndToEndTest@c9d0d6]" started-at="2024-11-25T16:35:21 IST" name="BookingConfirmation" finished-at="2024-11-25T16:35:59 IST" duration-ms="37438" status="PASS">
          <reporter-output>
          </reporter-output>
        </test-method> <!-- BookingConfirmation -->
        <test-method is-config="true" signature="teardown()[pri:0, instance:testCases.TC105_EndToEndTest@c9d0d6]" started-at="2024-11-25T16:35:59 IST" name="teardown" finished-at="2024-11-25T16:35:59 IST" duration-ms="685" status="PASS">
          <reporter-output>
          </reporter-output>
        </test-method> <!-- teardown -->
      </class> <!-- testCases.TC105_EndToEndTest -->
      <class name="testCases.TC102_SearchHotelsTest">
        <test-method is-config="true" signature="setup(java.lang.String,java.lang.String)[pri:0, instance:testCases.TC102_SearchHotelsTest@3abada5a]" started-at="2024-11-25T16:34:01 IST" name="setup" finished-at="2024-11-25T16:34:05 IST" duration-ms="3568" status="PASS">
          <params>
            <param index="0">
              <value>
                <![CDATA[Windows]]>
              </value>
            </param>
            <param index="1">
              <value>
                <![CDATA[chrome]]>
              </value>
            </param>
          </params>
          <reporter-output>
          </reporter-output>
        </test-method> <!-- setup -->
        <test-method is-config="true" signature="Login()[pri:0, instance:testCases.TC102_SearchHotelsTest@3abada5a]" started-at="2024-11-25T16:34:05 IST" name="Login" finished-at="2024-11-25T16:34:06 IST" duration-ms="964" status="PASS">
          <reporter-output>
          </reporter-output>
        </test-method> <!-- Login -->
        <test-method signature="Valid_Search()[pri:1, instance:testCases.TC102_SearchHotelsTest@3abada5a]" started-at="2024-11-25T16:34:06 IST" name="Valid_Search" finished-at="2024-11-25T16:34:07 IST" duration-ms="1460" status="PASS">
          <reporter-output>
          </reporter-output>
        </test-method> <!-- Valid_Search -->
        <test-method is-config="true" signature="logout()[pri:0, instance:testCases.TC102_SearchHotelsTest@3abada5a]" started-at="2024-11-25T16:34:07 IST" name="logout" finished-at="2024-11-25T16:34:09 IST" duration-ms="1287" status="PASS">
          <reporter-output>
          </reporter-output>
        </test-method> <!-- logout -->
        <test-method is-config="true" signature="Login()[pri:0, instance:testCases.TC102_SearchHotelsTest@3abada5a]" started-at="2024-11-25T16:34:09 IST" name="Login" finished-at="2024-11-25T16:34:09 IST" duration-ms="718" status="PASS">
          <reporter-output>
          </reporter-output>
        </test-method> <!-- Login -->
        <test-method signature="MandatoryFields_Only()[pri:2, instance:testCases.TC102_SearchHotelsTest@3abada5a]" started-at="2024-11-25T16:34:09 IST" name="MandatoryFields_Only" finished-at="2024-11-25T16:34:10 IST" duration-ms="882" status="PASS">
          <reporter-output>
          </reporter-output>
        </test-method> <!-- MandatoryFields_Only -->
        <test-method is-config="true" signature="logout()[pri:0, instance:testCases.TC102_SearchHotelsTest@3abada5a]" started-at="2024-11-25T16:34:10 IST" name="logout" finished-at="2024-11-25T16:34:11 IST" duration-ms="600" status="PASS">
          <reporter-output>
          </reporter-output>
        </test-method> <!-- logout -->
        <test-method is-config="true" signature="Login()[pri:0, instance:testCases.TC102_SearchHotelsTest@3abada5a]" started-at="2024-11-25T16:34:11 IST" name="Login" finished-at="2024-11-25T16:34:12 IST" duration-ms="855" status="PASS">
          <reporter-output>
          </reporter-output>
        </test-method> <!-- Login -->
        <test-method signature="Past_CheckInDate()[pri:3, instance:testCases.TC102_SearchHotelsTest@3abada5a]" started-at="2024-11-25T16:34:12 IST" name="Past_CheckInDate" finished-at="2024-11-25T16:34:12 IST" duration-ms="395" status="PASS">
          <reporter-output>
          </reporter-output>
        </test-method> <!-- Past_CheckInDate -->
        <test-method is-config="true" signature="logout()[pri:0, instance:testCases.TC102_SearchHotelsTest@3abada5a]" started-at="2024-11-25T16:34:12 IST" name="logout" finished-at="2024-11-25T16:34:13 IST" duration-ms="649" status="PASS">
          <reporter-output>
          </reporter-output>
        </test-method> <!-- logout -->
        <test-method is-config="true" signature="Login()[pri:0, instance:testCases.TC102_SearchHotelsTest@3abada5a]" started-at="2024-11-25T16:34:13 IST" name="Login" finished-at="2024-11-25T16:34:14 IST" duration-ms="817" status="PASS">
          <reporter-output>
          </reporter-output>
        </test-method> <!-- Login -->
        <test-method signature="CheckOut_Before()[pri:4, instance:testCases.TC102_SearchHotelsTest@3abada5a]" started-at="2024-11-25T16:34:14 IST" name="CheckOut_Before" finished-at="2024-11-25T16:34:14 IST" duration-ms="615" status="PASS">
          <reporter-output>
          </reporter-output>
        </test-method> <!-- CheckOut_Before -->
        <test-method is-config="true" signature="logout()[pri:0, instance:testCases.TC102_SearchHotelsTest@3abada5a]" started-at="2024-11-25T16:34:14 IST" name="logout" finished-at="2024-11-25T16:34:15 IST" duration-ms="622" status="PASS">
          <reporter-output>
          </reporter-output>
        </test-method> <!-- logout -->
        <test-method is-config="true" signature="Login()[pri:0, instance:testCases.TC102_SearchHotelsTest@3abada5a]" started-at="2024-11-25T16:34:15 IST" name="Login" finished-at="2024-11-25T16:34:15 IST" duration-ms="655" status="PASS">
          <reporter-output>
          </reporter-output>
        </test-method> <!-- Login -->
        <test-method signature="InvalidDate()[pri:5, instance:testCases.TC102_SearchHotelsTest@3abada5a]" started-at="2024-11-25T16:34:15 IST" name="InvalidDate" finished-at="2024-11-25T16:34:26 IST" duration-ms="10941" status="FAIL">
          <exception class="org.openqa.selenium.NoSuchElementException">
            <message>
              <![CDATA[no such element: Unable to locate element: {"method":"css selector","selector":"#checkin_span"}
  (Session info: chrome=131.0.6778.86)
For documentation on this error, please visit: https://www.selenium.dev/documentation/webdriver/troubleshooting/errors#no-such-element-exception
Build info: version: '4.26.0', revision: '8ccf0219d7'
System info: os.name: 'Windows 11', os.arch: 'amd64', os.version: '10.0', java.version: '21.0.5'
Driver info: org.openqa.selenium.chrome.ChromeDriver
Command: [9c002eee05a165afbfbd34e9efd7d387, findElement {value=checkin_span, using=id}]
Capabilities {acceptInsecureCerts: false, browserName: chrome, browserVersion: 131.0.6778.86, chrome: {chromedriverVersion: 131.0.6778.85 (3d81e41b6f3a..., userDataDir: C:\Users\sriba\AppData\Loca...}, fedcm:accounts: true, goog:chromeOptions: {debuggerAddress: localhost:51795}, networkConnectionEnabled: false, pageLoadStrategy: normal, platformName: windows, proxy: Proxy(), se:cdp: ws://localhost:51795/devtoo..., se:cdpVersion: 131.0.6778.86, setWindowRect: true, strictFileInteractability: false, timeouts: {implicit: 0, pageLoad: 300000, script: 30000}, unhandledPromptBehavior: dismiss and notify, webauthn:extension:credBlob: true, webauthn:extension:largeBlob: true, webauthn:extension:minPinLength: true, webauthn:extension:prf: true, webauthn:virtualAuthenticators: true}
Session ID: 9c002eee05a165afbfbd34e9efd7d387]]>
            </message>
            <full-stacktrace>
              <![CDATA[org.openqa.selenium.NoSuchElementException: no such element: Unable to locate element: {"method":"css selector","selector":"#checkin_span"}
  (Session info: chrome=131.0.6778.86)
For documentation on this error, please visit: https://www.selenium.dev/documentation/webdriver/troubleshooting/errors#no-such-element-exception
Build info: version: '4.26.0', revision: '8ccf0219d7'
System info: os.name: 'Windows 11', os.arch: 'amd64', os.version: '10.0', java.version: '21.0.5'
Driver info: org.openqa.selenium.chrome.ChromeDriver
Command: [9c002eee05a165afbfbd34e9efd7d387, findElement {value=checkin_span, using=id}]
Capabilities {acceptInsecureCerts: false, browserName: chrome, browserVersion: 131.0.6778.86, chrome: {chromedriverVersion: 131.0.6778.85 (3d81e41b6f3a..., userDataDir: C:\Users\sriba\AppData\Loca...}, fedcm:accounts: true, goog:chromeOptions: {debuggerAddress: localhost:51795}, networkConnectionEnabled: false, pageLoadStrategy: normal, platformName: windows, proxy: Proxy(), se:cdp: ws://localhost:51795/devtoo..., se:cdpVersion: 131.0.6778.86, setWindowRect: true, strictFileInteractability: false, timeouts: {implicit: 0, pageLoad: 300000, script: 30000}, unhandledPromptBehavior: dismiss and notify, webauthn:extension:credBlob: true, webauthn:extension:largeBlob: true, webauthn:extension:minPinLength: true, webauthn:extension:prf: true, webauthn:virtualAuthenticators: true}
Session ID: 9c002eee05a165afbfbd34e9efd7d387
at java.base/jdk.internal.reflect.DirectConstructorHandleAccessor.newInstance(DirectConstructorHandleAccessor.java:62)
at java.base/java.lang.reflect.Constructor.newInstanceWithCaller(Constructor.java:502)
at java.base/java.lang.reflect.Constructor.newInstance(Constructor.java:486)
at org.openqa.selenium.remote.ErrorCodec.decode(ErrorCodec.java:167)
at org.openqa.selenium.remote.codec.w3c.W3CHttpResponseCodec.decode(W3CHttpResponseCodec.java:138)
at org.openqa.selenium.remote.codec.w3c.W3CHttpResponseCodec.decode(W3CHttpResponseCodec.java:50)
at org.openqa.selenium.remote.HttpCommandExecutor.execute(HttpCommandExecutor.java:190)
at org.openqa.selenium.remote.service.DriverCommandExecutor.invokeExecute(DriverCommandExecutor.java:216)
at org.openqa.selenium.remote.service.DriverCommandExecutor.execute(DriverCommandExecutor.java:174)
at org.openqa.selenium.remote.RemoteWebDriver.execute(RemoteWebDriver.java:545)
at org.openqa.selenium.remote.ElementLocation$ElementFinder$2.findElement(ElementLocation.java:165)
at org.openqa.selenium.remote.ElementLocation.findElement(ElementLocation.java:59)
at org.openqa.selenium.remote.RemoteWebDriver.findElement(RemoteWebDriver.java:368)
at org.openqa.selenium.remote.RemoteWebDriver.findElement(RemoteWebDriver.java:362)
at org.openqa.selenium.support.pagefactory.DefaultElementLocator.findElement(DefaultElementLocator.java:68)
at org.openqa.selenium.support.pagefactory.internal.LocatingElementHandler.invoke(LocatingElementHandler.java:38)
at jdk.proxy2/jdk.proxy2.$Proxy29.getText(Unknown Source)
at pageObjects.SearchHotelPage.get_errorMsgIncorrectDate(SearchHotelPage.java:115)
at testCases.TC102_SearchHotelsTest.InvalidDate(TC102_SearchHotelsTest.java:101)
at java.base/jdk.internal.reflect.DirectMethodHandleAccessor.invoke(DirectMethodHandleAccessor.java:103)
at java.base/java.lang.reflect.Method.invoke(Method.java:580)
at org.testng.internal.invokers.MethodInvocationHelper.invokeMethod(MethodInvocationHelper.java:141)
at org.testng.internal.invokers.TestInvoker.invokeMethod(TestInvoker.java:686)
at org.testng.internal.invokers.TestInvoker.invokeTestMethod(TestInvoker.java:230)
at org.testng.internal.invokers.MethodRunner.runInSequence(MethodRunner.java:63)
at org.testng.internal.invokers.TestInvoker$MethodInvocationAgent.invoke(TestInvoker.java:992)
at org.testng.internal.invokers.TestInvoker.invokeTestMethods(TestInvoker.java:203)
at org.testng.internal.invokers.TestMethodWorker.invokeTestMethods(TestMethodWorker.java:154)
at org.testng.internal.invokers.TestMethodWorker.run(TestMethodWorker.java:134)
at java.base/java.util.ArrayList.forEach(ArrayList.java:1596)
at org.testng.TestRunner.privateRun(TestRunner.java:739)
at org.testng.TestRunner.run(TestRunner.java:614)
at org.testng.SuiteRunner.runTest(SuiteRunner.java:421)
at org.testng.SuiteRunner.runSequentially(SuiteRunner.java:413)
at org.testng.SuiteRunner.privateRun(SuiteRunner.java:373)
at org.testng.SuiteRunner.run(SuiteRunner.java:312)
at org.testng.SuiteRunnerWorker.runSuite(SuiteRunnerWorker.java:52)
at org.testng.SuiteRunnerWorker.run(SuiteRunnerWorker.java:95)
at org.testng.TestNG.runSuitesSequentially(TestNG.java:1274)
at org.testng.TestNG.runSuitesLocally(TestNG.java:1208)
at org.testng.TestNG.runSuites(TestNG.java:1112)
at org.testng.TestNG.run(TestNG.java:1079)
at org.apache.maven.surefire.testng.TestNGExecutor.run(TestNGExecutor.java:308)
at org.apache.maven.surefire.testng.TestNGXmlTestSuite.execute(TestNGXmlTestSuite.java:71)
at org.apache.maven.surefire.testng.TestNGProvider.invoke(TestNGProvider.java:113)
at org.apache.maven.surefire.booter.ForkedBooter.runSuitesInProcess(ForkedBooter.java:385)
at org.apache.maven.surefire.booter.ForkedBooter.execute(ForkedBooter.java:162)
at org.apache.maven.surefire.booter.ForkedBooter.run(ForkedBooter.java:507)
at org.apache.maven.surefire.booter.ForkedBooter.main(ForkedBooter.java:495)
]]>
            </full-stacktrace>
          </exception> <!-- org.openqa.selenium.NoSuchElementException -->
          <reporter-output>
          </reporter-output>
        </test-method> <!-- InvalidDate -->
        <test-method is-config="true" signature="logout()[pri:0, instance:testCases.TC102_SearchHotelsTest@3abada5a]" started-at="2024-11-25T16:34:27 IST" name="logout" finished-at="2024-11-25T16:34:28 IST" duration-ms="1486" status="PASS">
          <reporter-output>
          </reporter-output>
        </test-method> <!-- logout -->
        <test-method is-config="true" signature="Login()[pri:0, instance:testCases.TC102_SearchHotelsTest@3abada5a]" started-at="2024-11-25T16:34:28 IST" name="Login" finished-at="2024-11-25T16:34:29 IST" duration-ms="664" status="PASS">
          <reporter-output>
          </reporter-output>
        </test-method> <!-- Login -->
        <test-method signature="InvalidDateFormat()[pri:6, instance:testCases.TC102_SearchHotelsTest@3abada5a]" started-at="2024-11-25T16:34:29 IST" name="InvalidDateFormat" finished-at="2024-11-25T16:34:40 IST" duration-ms="10854" status="FAIL">
          <exception class="org.openqa.selenium.NoSuchElementException">
            <message>
              <![CDATA[no such element: Unable to locate element: {"method":"css selector","selector":"#checkin_span"}
  (Session info: chrome=131.0.6778.86)
For documentation on this error, please visit: https://www.selenium.dev/documentation/webdriver/troubleshooting/errors#no-such-element-exception
Build info: version: '4.26.0', revision: '8ccf0219d7'
System info: os.name: 'Windows 11', os.arch: 'amd64', os.version: '10.0', java.version: '21.0.5'
Driver info: org.openqa.selenium.chrome.ChromeDriver
Command: [9c002eee05a165afbfbd34e9efd7d387, findElement {value=checkin_span, using=id}]
Capabilities {acceptInsecureCerts: false, browserName: chrome, browserVersion: 131.0.6778.86, chrome: {chromedriverVersion: 131.0.6778.85 (3d81e41b6f3a..., userDataDir: C:\Users\sriba\AppData\Loca...}, fedcm:accounts: true, goog:chromeOptions: {debuggerAddress: localhost:51795}, networkConnectionEnabled: false, pageLoadStrategy: normal, platformName: windows, proxy: Proxy(), se:cdp: ws://localhost:51795/devtoo..., se:cdpVersion: 131.0.6778.86, setWindowRect: true, strictFileInteractability: false, timeouts: {implicit: 0, pageLoad: 300000, script: 30000}, unhandledPromptBehavior: dismiss and notify, webauthn:extension:credBlob: true, webauthn:extension:largeBlob: true, webauthn:extension:minPinLength: true, webauthn:extension:prf: true, webauthn:virtualAuthenticators: true}
Session ID: 9c002eee05a165afbfbd34e9efd7d387]]>
            </message>
            <full-stacktrace>
              <![CDATA[org.openqa.selenium.NoSuchElementException: no such element: Unable to locate element: {"method":"css selector","selector":"#checkin_span"}
  (Session info: chrome=131.0.6778.86)
For documentation on this error, please visit: https://www.selenium.dev/documentation/webdriver/troubleshooting/errors#no-such-element-exception
Build info: version: '4.26.0', revision: '8ccf0219d7'
System info: os.name: 'Windows 11', os.arch: 'amd64', os.version: '10.0', java.version: '21.0.5'
Driver info: org.openqa.selenium.chrome.ChromeDriver
Command: [9c002eee05a165afbfbd34e9efd7d387, findElement {value=checkin_span, using=id}]
Capabilities {acceptInsecureCerts: false, browserName: chrome, browserVersion: 131.0.6778.86, chrome: {chromedriverVersion: 131.0.6778.85 (3d81e41b6f3a..., userDataDir: C:\Users\sriba\AppData\Loca...}, fedcm:accounts: true, goog:chromeOptions: {debuggerAddress: localhost:51795}, networkConnectionEnabled: false, pageLoadStrategy: normal, platformName: windows, proxy: Proxy(), se:cdp: ws://localhost:51795/devtoo..., se:cdpVersion: 131.0.6778.86, setWindowRect: true, strictFileInteractability: false, timeouts: {implicit: 0, pageLoad: 300000, script: 30000}, unhandledPromptBehavior: dismiss and notify, webauthn:extension:credBlob: true, webauthn:extension:largeBlob: true, webauthn:extension:minPinLength: true, webauthn:extension:prf: true, webauthn:virtualAuthenticators: true}
Session ID: 9c002eee05a165afbfbd34e9efd7d387
at java.base/jdk.internal.reflect.DirectConstructorHandleAccessor.newInstance(DirectConstructorHandleAccessor.java:62)
at java.base/java.lang.reflect.Constructor.newInstanceWithCaller(Constructor.java:502)
at java.base/java.lang.reflect.Constructor.newInstance(Constructor.java:486)
at org.openqa.selenium.remote.ErrorCodec.decode(ErrorCodec.java:167)
at org.openqa.selenium.remote.codec.w3c.W3CHttpResponseCodec.decode(W3CHttpResponseCodec.java:138)
at org.openqa.selenium.remote.codec.w3c.W3CHttpResponseCodec.decode(W3CHttpResponseCodec.java:50)
at org.openqa.selenium.remote.HttpCommandExecutor.execute(HttpCommandExecutor.java:190)
at org.openqa.selenium.remote.service.DriverCommandExecutor.invokeExecute(DriverCommandExecutor.java:216)
at org.openqa.selenium.remote.service.DriverCommandExecutor.execute(DriverCommandExecutor.java:174)
at org.openqa.selenium.remote.RemoteWebDriver.execute(RemoteWebDriver.java:545)
at org.openqa.selenium.remote.ElementLocation$ElementFinder$2.findElement(ElementLocation.java:165)
at org.openqa.selenium.remote.ElementLocation.findElement(ElementLocation.java:59)
at org.openqa.selenium.remote.RemoteWebDriver.findElement(RemoteWebDriver.java:368)
at org.openqa.selenium.remote.RemoteWebDriver.findElement(RemoteWebDriver.java:362)
at org.openqa.selenium.support.pagefactory.DefaultElementLocator.findElement(DefaultElementLocator.java:68)
at org.openqa.selenium.support.pagefactory.internal.LocatingElementHandler.invoke(LocatingElementHandler.java:38)
at jdk.proxy2/jdk.proxy2.$Proxy29.getText(Unknown Source)
at pageObjects.SearchHotelPage.get_errorMsgIncorrectDate(SearchHotelPage.java:115)
at testCases.TC102_SearchHotelsTest.InvalidDateFormat(TC102_SearchHotelsTest.java:115)
at java.base/jdk.internal.reflect.DirectMethodHandleAccessor.invoke(DirectMethodHandleAccessor.java:103)
at java.base/java.lang.reflect.Method.invoke(Method.java:580)
at org.testng.internal.invokers.MethodInvocationHelper.invokeMethod(MethodInvocationHelper.java:141)
at org.testng.internal.invokers.TestInvoker.invokeMethod(TestInvoker.java:686)
at org.testng.internal.invokers.TestInvoker.invokeTestMethod(TestInvoker.java:230)
at org.testng.internal.invokers.MethodRunner.runInSequence(MethodRunner.java:63)
at org.testng.internal.invokers.TestInvoker$MethodInvocationAgent.invoke(TestInvoker.java:992)
at org.testng.internal.invokers.TestInvoker.invokeTestMethods(TestInvoker.java:203)
at org.testng.internal.invokers.TestMethodWorker.invokeTestMethods(TestMethodWorker.java:154)
at org.testng.internal.invokers.TestMethodWorker.run(TestMethodWorker.java:134)
at java.base/java.util.ArrayList.forEach(ArrayList.java:1596)
at org.testng.TestRunner.privateRun(TestRunner.java:739)
at org.testng.TestRunner.run(TestRunner.java:614)
at org.testng.SuiteRunner.runTest(SuiteRunner.java:421)
at org.testng.SuiteRunner.runSequentially(SuiteRunner.java:413)
at org.testng.SuiteRunner.privateRun(SuiteRunner.java:373)
at org.testng.SuiteRunner.run(SuiteRunner.java:312)
at org.testng.SuiteRunnerWorker.runSuite(SuiteRunnerWorker.java:52)
at org.testng.SuiteRunnerWorker.run(SuiteRunnerWorker.java:95)
at org.testng.TestNG.runSuitesSequentially(TestNG.java:1274)
at org.testng.TestNG.runSuitesLocally(TestNG.java:1208)
at org.testng.TestNG.runSuites(TestNG.java:1112)
at org.testng.TestNG.run(TestNG.java:1079)
at org.apache.maven.surefire.testng.TestNGExecutor.run(TestNGExecutor.java:308)
at org.apache.maven.surefire.testng.TestNGXmlTestSuite.execute(TestNGXmlTestSuite.java:71)
at org.apache.maven.surefire.testng.TestNGProvider.invoke(TestNGProvider.java:113)
at org.apache.maven.surefire.booter.ForkedBooter.runSuitesInProcess(ForkedBooter.java:385)
at org.apache.maven.surefire.booter.ForkedBooter.execute(ForkedBooter.java:162)
at org.apache.maven.surefire.booter.ForkedBooter.run(ForkedBooter.java:507)
at org.apache.maven.surefire.booter.ForkedBooter.main(ForkedBooter.java:495)
]]>
            </full-stacktrace>
          </exception> <!-- org.openqa.selenium.NoSuchElementException -->
          <reporter-output>
          </reporter-output>
        </test-method> <!-- InvalidDateFormat -->
        <test-method is-config="true" signature="logout()[pri:0, instance:testCases.TC102_SearchHotelsTest@3abada5a]" started-at="2024-11-25T16:34:40 IST" name="logout" finished-at="2024-11-25T16:34:41 IST" duration-ms="994" status="PASS">
          <reporter-output>
          </reporter-output>
        </test-method> <!-- logout -->
        <test-method is-config="true" signature="Login()[pri:0, instance:testCases.TC102_SearchHotelsTest@3abada5a]" started-at="2024-11-25T16:34:41 IST" name="Login" finished-at="2024-11-25T16:34:42 IST" duration-ms="822" status="PASS">
          <reporter-output>
          </reporter-output>
        </test-method> <!-- Login -->
        <test-method signature="withoutLocation()[pri:7, instance:testCases.TC102_SearchHotelsTest@3abada5a]" started-at="2024-11-25T16:34:42 IST" name="withoutLocation" finished-at="2024-11-25T16:34:42 IST" duration-ms="817" status="PASS">
          <reporter-output>
          </reporter-output>
        </test-method> <!-- withoutLocation -->
        <test-method is-config="true" signature="logout()[pri:0, instance:testCases.TC102_SearchHotelsTest@3abada5a]" started-at="2024-11-25T16:34:42 IST" name="logout" finished-at="2024-11-25T16:34:43 IST" duration-ms="599" status="PASS">
          <reporter-output>
          </reporter-output>
        </test-method> <!-- logout -->
        <test-method is-config="true" signature="teardown()[pri:0, instance:testCases.TC102_SearchHotelsTest@3abada5a]" started-at="2024-11-25T16:34:43 IST" name="teardown" finished-at="2024-11-25T16:34:44 IST" duration-ms="604" status="PASS">
          <reporter-output>
          </reporter-output>
        </test-method> <!-- teardown -->
      </class> <!-- testCases.TC102_SearchHotelsTest -->
      <class name="testCases.TC104_BookHotelTest">
        <test-method is-config="true" signature="setup(java.lang.String,java.lang.String)[pri:0, instance:testCases.TC104_BookHotelTest@61fe30]" started-at="2024-11-25T16:34:58 IST" name="setup" finished-at="2024-11-25T16:35:02 IST" duration-ms="3232" status="PASS">
          <params>
            <param index="0">
              <value>
                <![CDATA[Windows]]>
              </value>
            </param>
            <param index="1">
              <value>
                <![CDATA[chrome]]>
              </value>
            </param>
          </params>
          <reporter-output>
          </reporter-output>
        </test-method> <!-- setup -->
        <test-method signature="validlogin()[pri:1, instance:testCases.TC104_BookHotelTest@61fe30]" started-at="2024-11-25T16:35:02 IST" name="validlogin" finished-at="2024-11-25T16:35:04 IST" duration-ms="2225" status="PASS">
          <reporter-output>
          </reporter-output>
        </test-method> <!-- validlogin -->
        <test-method signature="bookhotel()[pri:2, instance:testCases.TC104_BookHotelTest@61fe30]" started-at="2024-11-25T16:35:04 IST" name="bookhotel" finished-at="2024-11-25T16:35:18 IST" duration-ms="14275" status="PASS">
          <reporter-output>
          </reporter-output>
        </test-method> <!-- bookhotel -->
        <test-method is-config="true" signature="teardown()[pri:0, instance:testCases.TC104_BookHotelTest@61fe30]" started-at="2024-11-25T16:35:18 IST" name="teardown" finished-at="2024-11-25T16:35:19 IST" duration-ms="633" status="PASS">
          <reporter-output>
          </reporter-output>
        </test-method> <!-- teardown -->
      </class> <!-- testCases.TC104_BookHotelTest -->
      <class name="testCases.TC103_SelectHotelTest">
        <test-method is-config="true" signature="setup(java.lang.String,java.lang.String)[pri:0, instance:testCases.TC103_SelectHotelTest@66c61024]" started-at="2024-11-25T16:34:44 IST" name="setup" finished-at="2024-11-25T16:34:47 IST" duration-ms="3453" status="PASS">
          <params>
            <param index="0">
              <value>
                <![CDATA[Windows]]>
              </value>
            </param>
            <param index="1">
              <value>
                <![CDATA[chrome]]>
              </value>
            </param>
          </params>
          <reporter-output>
          </reporter-output>
        </test-method> <!-- setup -->
        <test-method is-config="true" signature="info_searchHotel()[pri:0, instance:testCases.TC103_SelectHotelTest@66c61024]" started-at="2024-11-25T16:34:47 IST" name="info_searchHotel" finished-at="2024-11-25T16:34:49 IST" duration-ms="1948" status="PASS">
          <reporter-output>
          </reporter-output>
        </test-method> <!-- info_searchHotel -->
        <test-method signature="valid_selectHotel()[pri:1, instance:testCases.TC103_SelectHotelTest@66c61024]" started-at="2024-11-25T16:34:49 IST" name="valid_selectHotel" finished-at="2024-11-25T16:34:50 IST" duration-ms="598" status="PASS">
          <reporter-output>
          </reporter-output>
        </test-method> <!-- valid_selectHotel -->
        <test-method is-config="true" signature="logout()[pri:0, instance:testCases.TC103_SelectHotelTest@66c61024]" started-at="2024-11-25T16:34:50 IST" name="logout" finished-at="2024-11-25T16:34:51 IST" duration-ms="1016" status="PASS">
          <reporter-output>
          </reporter-output>
        </test-method> <!-- logout -->
        <test-method is-config="true" signature="info_searchHotel()[pri:0, instance:testCases.TC103_SelectHotelTest@66c61024]" started-at="2024-11-25T16:34:51 IST" name="info_searchHotel" finished-at="2024-11-25T16:34:52 IST" duration-ms="1600" status="PASS">
          <reporter-output>
          </reporter-output>
        </test-method> <!-- info_searchHotel -->
        <test-method signature="validate_searchhotel()[pri:2, instance:testCases.TC103_SelectHotelTest@66c61024]" started-at="2024-11-25T16:34:52 IST" name="validate_searchhotel" finished-at="2024-11-25T16:34:52 IST" duration-ms="171" status="PASS">
          <reporter-output>
          </reporter-output>
        </test-method> <!-- validate_searchhotel -->
        <test-method is-config="true" signature="logout()[pri:0, instance:testCases.TC103_SelectHotelTest@66c61024]" started-at="2024-11-25T16:34:52 IST" name="logout" finished-at="2024-11-25T16:34:53 IST" duration-ms="563" status="PASS">
          <reporter-output>
          </reporter-output>
        </test-method> <!-- logout -->
        <test-method is-config="true" signature="info_searchHotel()[pri:0, instance:testCases.TC103_SelectHotelTest@66c61024]" started-at="2024-11-25T16:34:53 IST" name="info_searchHotel" finished-at="2024-11-25T16:34:55 IST" duration-ms="1652" status="PASS">
          <reporter-output>
          </reporter-output>
        </test-method> <!-- info_searchHotel -->
        <test-method signature="withoutSelect_hotel()[pri:3, instance:testCases.TC103_SelectHotelTest@66c61024]" started-at="2024-11-25T16:34:55 IST" name="withoutSelect_hotel" finished-at="2024-11-25T16:34:55 IST" duration-ms="99" status="PASS">
          <reporter-output>
          </reporter-output>
        </test-method> <!-- withoutSelect_hotel -->
        <test-method is-config="true" signature="logout()[pri:0, instance:testCases.TC103_SelectHotelTest@66c61024]" started-at="2024-11-25T16:34:55 IST" name="logout" finished-at="2024-11-25T16:34:55 IST" duration-ms="566" status="PASS">
          <reporter-output>
          </reporter-output>
        </test-method> <!-- logout -->
        <test-method is-config="true" signature="info_searchHotel()[pri:0, instance:testCases.TC103_SelectHotelTest@66c61024]" started-at="2024-11-25T16:34:55 IST" name="info_searchHotel" finished-at="2024-11-25T16:34:57 IST" duration-ms="1864" status="PASS">
          <reporter-output>
          </reporter-output>
        </test-method> <!-- info_searchHotel -->
        <test-method signature="priceCalculation()[pri:4, instance:testCases.TC103_SelectHotelTest@66c61024]" started-at="2024-11-25T16:34:57 IST" name="priceCalculation" finished-at="2024-11-25T16:34:57 IST" duration-ms="105" status="PASS">
          <reporter-output>
          </reporter-output>
        </test-method> <!-- priceCalculation -->
        <test-method is-config="true" signature="logout()[pri:0, instance:testCases.TC103_SelectHotelTest@66c61024]" started-at="2024-11-25T16:34:57 IST" name="logout" finished-at="2024-11-25T16:34:58 IST" duration-ms="595" status="PASS">
          <reporter-output>
          </reporter-output>
        </test-method> <!-- logout -->
        <test-method is-config="true" signature="teardown()[pri:0, instance:testCases.TC103_SelectHotelTest@66c61024]" started-at="2024-11-25T16:34:58 IST" name="teardown" finished-at="2024-11-25T16:34:58 IST" duration-ms="431" status="PASS">
          <reporter-output>
          </reporter-output>
        </test-method> <!-- teardown -->
      </class> <!-- testCases.TC103_SelectHotelTest -->
      <class name="testCases.TC101_LoginTest">
        <test-method is-config="true" signature="setup(java.lang.String,java.lang.String)[pri:0, instance:testCases.TC101_LoginTest@363a52f]" started-at="2024-11-25T16:33:50 IST" name="setup" finished-at="2024-11-25T16:33:58 IST" duration-ms="7840" status="PASS">
          <params>
            <param index="0">
              <value>
                <![CDATA[Windows]]>
              </value>
            </param>
            <param index="1">
              <value>
                <![CDATA[chrome]]>
              </value>
            </param>
          </params>
          <reporter-output>
          </reporter-output>
        </test-method> <!-- setup -->
        <test-method signature="Validlogin()[pri:1, instance:testCases.TC101_LoginTest@363a52f]" started-at="2024-11-25T16:33:58 IST" name="Validlogin" finished-at="2024-11-25T16:34:01 IST" duration-ms="2478" status="PASS">
          <reporter-output>
          </reporter-output>
        </test-method> <!-- Validlogin -->
        <test-method is-config="true" signature="teardown()[pri:0, instance:testCases.TC101_LoginTest@363a52f]" started-at="2024-11-25T16:34:01 IST" name="teardown" finished-at="2024-11-25T16:34:01 IST" duration-ms="426" status="PASS">
          <reporter-output>
          </reporter-output>
        </test-method> <!-- teardown -->
      </class> <!-- testCases.TC101_LoginTest -->
    </test> <!-- Test -->
  </suite> <!-- Suite -->
</testng-results>
