<?xml version="1.0" encoding="UTF-8"?>
<testng-results ignored="0" total="1" passed="1" failed="0" skipped="0">
  <reporter-output>
  </reporter-output>
  <suite started-at="2024-11-25T15:38:58 IST" name="Suite" finished-at="2024-11-25T15:39:27 IST" duration-ms="28496">
    <groups>
      <group name="Functional">
        <method signature="TC105_BookedCancellationTest.BookedItinerary()[pri:0, instance:testCases.TC105_BookedCancellationTest@42bc14c1]" name="BookedItinerary" class="testCases.TC105_BookedCancellationTest"/>
      </group> <!-- Functional -->
    </groups>
    <test started-at="2024-11-25T15:38:58 IST" name="Test" finished-at="2024-11-25T15:39:27 IST" duration-ms="28496">
      <class name="testCases.TC105_BookedCancellationTest">
        <test-method is-config="true" signature="setup(java.lang.String,java.lang.String)[pri:0, instance:testCases.TC105_BookedCancellationTest@42bc14c1]" started-at="2024-11-25T15:38:59 IST" name="setup" finished-at="2024-11-25T15:39:03 IST" duration-ms="3882" status="PASS">
          <params>
            <param index="0">
              <value>
                <![CDATA[Windows]]>
              </value>
            </param>
            <param index="1">
              <value>
                <![CDATA[chrome]]>
              </value>
            </param>
          </params>
          <reporter-output>
          </reporter-output>
        </test-method> <!-- setup -->
        <test-method signature="BookedItinerary()[pri:0, instance:testCases.TC105_BookedCancellationTest@42bc14c1]" started-at="2024-11-25T15:39:03 IST" name="BookedItinerary" finished-at="2024-11-25T15:39:26 IST" duration-ms="23606" status="PASS">
          <reporter-output>
          </reporter-output>
        </test-method> <!-- BookedItinerary -->
        <test-method is-config="true" signature="teardown()[pri:0, instance:testCases.TC105_BookedCancellationTest@42bc14c1]" started-at="2024-11-25T15:39:26 IST" name="teardown" finished-at="2024-11-25T15:39:27 IST" duration-ms="631" status="PASS">
          <reporter-output>
          </reporter-output>
        </test-method> <!-- teardown -->
      </class> <!-- testCases.TC105_BookedCancellationTest -->
    </test> <!-- Test -->
  </suite> <!-- Suite -->
</testng-results>
